<?xml version="1.0" encoding="UTF-8"?>
<testsuite xmlns:xsi="http://www.w3.org/2001/XMLSchema-instance" xsi:noNamespaceSchemaLocation="https://maven.apache.org/surefire/maven-surefire-plugin/xsd/surefire-test-report-3.0.xsd" version="3.0" name="com.techchallenge4.ms_logistica.integration.api.v1.EntregadorControllerIT$DeleteEntregador" time="13.875" tests="1" errors="0" skipped="0" failures="0">
  <properties>
[...]
</properties>
  <testcase name="shouldExecuteSuccessfully" classname="com.techchallenge4.ms_logistica.integration.api.v1.EntregadorControllerIT$DeleteEntregador" time="0.587">
    <system-out><![CDATA[19:24:53.698 [main] INFO org.springframework.test.context.support.AnnotationConfigContextLoaderUtils -- Could not detect default configuration classes for test class [com.techchallenge4.ms_logistica.integration.api.v1.EntregadorControllerIT]: EntregadorControllerIT does not declare any static, non-private, non-final, nested classes annotated with @Configuration.
19:24:53.822 [main] INFO org.springframework.boot.test.context.SpringBootTestContextBootstrapper -- Found @SpringBootConfiguration com.techchallenge4.ms_logistica.MsLogisticaApplication for test class com.techchallenge4.ms_logistica.integration.api.v1.EntregadorControllerIT
19:24:53.930 [main] INFO org.springframework.test.context.support.AnnotationConfigContextLoaderUtils -- Could not detect default configuration classes for test class [com.techchallenge4.ms_logistica.integration.api.v1.EntregadorControllerIT$DeleteEntregador]: DeleteEntregador does not declare any static, non-private, non-final, nested classes annotated with @Configuration.
19:24:53.933 [main] INFO org.springframework.boot.test.context.SpringBootTestContextBootstrapper -- Found @SpringBootConfiguration com.techchallenge4.ms_logistica.MsLogisticaApplication for test class com.techchallenge4.ms_logistica.integration.api.v1.EntregadorControllerIT$DeleteEntregador
19:24:53.977 [main] INFO org.testcontainers.images.PullPolicy -- Image pull policy will be performed by: DefaultPullPolicy()
19:24:53.980 [main] INFO org.testcontainers.utility.ImageNameSubstitutor -- Image name substitution will be performed by: DefaultImageNameSubstitutor (composite of 'ConfigurationFileImageNameSubstitutor' and 'PrefixingImageNameSubstitutor')
19:24:54.293 [main] INFO org.testcontainers.dockerclient.DockerClientProviderStrategy -- Loaded org.testcontainers.dockerclient.NpipeSocketClientProviderStrategy from ~/.testcontainers.properties, will try it first
19:24:54.580 [main] INFO org.testcontainers.dockerclient.DockerClientProviderStrategy -- Found Docker environment with local Npipe socket (npipe:////./pipe/docker_engine)
19:24:54.581 [main] INFO org.testcontainers.DockerClientFactory -- Docker host IP address is localhost
19:24:54.600 [main] INFO org.testcontainers.DockerClientFactory -- Connected to docker: 
  Server Version: 27.2.0
  API Version: 1.47
  Operating System: Docker Desktop
  Total Memory: 15947 MB
19:24:54.623 [main] INFO tc.testcontainers/ryuk:0.7.0 -- Creating container for image: testcontainers/ryuk:0.7.0
19:24:54.796 [main] INFO org.testcontainers.utility.RegistryAuthLocator -- Credential helper/store (docker-credential-wincred) does not have credentials for https://index.docker.io/v1/
19:24:54.971 [main] INFO tc.testcontainers/ryuk:0.7.0 -- Container testcontainers/ryuk:0.7.0 is starting: c7b7131ac2474e4693cf6a444052da8d35ca584c6930cd6e3de618c6e34dda24
19:24:55.421 [main] INFO tc.testcontainers/ryuk:0.7.0 -- Container testcontainers/ryuk:0.7.0 started in PT0.7981462S
19:24:55.427 [main] INFO org.testcontainers.utility.RyukResourceReaper -- Ryuk started - will monitor and terminate Testcontainers containers on JVM exit
19:24:55.427 [main] INFO org.testcontainers.DockerClientFactory -- Checking the system...
19:24:55.428 [main] INFO org.testcontainers.DockerClientFactory -- ✔︎ Docker server version should be at least 1.6.0
19:24:55.428 [main] INFO tc.postgres:16-alpine -- Creating container for image: postgres:16-alpine
19:24:55.525 [main] INFO tc.postgres:16-alpine -- Container postgres:16-alpine is starting: fe6d544c4d3502f219d61f53521d7708844a877249e8af06aa3dcc877489ae97
19:24:57.941 [main] INFO tc.postgres:16-alpine -- Container postgres:16-alpine started in PT2.5130313S
19:24:57.942 [main] INFO tc.postgres:16-alpine -- Container is started (JDBC URL: jdbc:postgresql://localhost:64224/test?loggerLevel=OFF)
19:24:57.988 [main] INFO org.springframework.boot.devtools.restart.RestartApplicationListener -- Restart disabled due to context in which it is running

  .   ____          _            __ _ _
 /\\ / ___'_ __ _ _(_)_ __  __ _ \ \ \ \
( ( )\___ | '_ | '_| | '_ \/ _` | \ \ \ \
 \\/  ___)| |_)| | | | | || (_| |  ) ) ) )
  '  |____| .__|_| |_|_| |_\__, | / / / /
 =========|_|==============|___/=/_/_/_/

 :: Spring Boot ::                (v3.3.4)

2024-11-28 19:24:58,297  WARN main o.s.b.t.j.DuplicateJsonObjectContextCustomizerFactory$DuplicateJsonObjectContextCustomizer:78 - 

Found multiple occurrences of org.json.JSONObject on the class path:

	jar:file:/C:/Users/henri/.m2/repository/com/vaadin/external/google/android-json/0.0.20131108.vaadin1/android-json-0.0.20131108.vaadin1.jar!/org/json/JSONObject.class
	jar:file:/C:/Users/henri/.m2/repository/org/json/json/20240303/json-20240303.jar!/org/json/JSONObject.class

You may wish to exclude one of them to ensure predictable runtime behavior

2024-11-28 19:24:58,322  INFO main c.t.m.i.a.v.EntregadorControllerIT:50 - Starting EntregadorControllerIT using Java 21.0.4 with PID 28240 (started by henri in C:\Users\henri\projects\postech-java\ms-logistica)
2024-11-28 19:24:58,323  INFO main c.t.m.i.a.v.EntregadorControllerIT:660 - The following 1 profile is active: "test"
2024-11-28 19:25:00,040  INFO main o.s.d.r.c.RepositoryConfigurationDelegate:143 - Bootstrapping Spring Data JPA repositories in DEFAULT mode.
2024-11-28 19:25:00,215  INFO main o.s.d.r.c.RepositoryConfigurationDelegate:211 - Finished Spring Data repository scanning in 166 ms. Found 5 JPA repository interfaces.
2024-11-28 19:25:00,373  INFO main o.s.i.c.DefaultConfiguringBeanFactoryPostProcessor:292 - No bean named 'errorChannel' has been explicitly defined. Therefore, a default PublishSubscribeChannel will be created.
2024-11-28 19:25:00,382  INFO main o.s.i.c.DefaultConfiguringBeanFactoryPostProcessor:292 - No bean named 'integrationHeaderChannelRegistry' has been explicitly defined. Therefore, a default DefaultHeaderChannelRegistry will be created.
2024-11-28 19:25:00,529  INFO main o.s.c.c.s.GenericScope:282 - BeanFactory id=6cbac011-fac1-3de3-ac99-c9a0c18cf494
2024-11-28 19:25:01,154  INFO main o.h.j.i.u.LogHelper:31 - HHH000204: Processing PersistenceUnitInfo [name: default]
2024-11-28 19:25:01,241  INFO main o.h.Version:44 - HHH000412: Hibernate ORM core version 6.5.3.Final
2024-11-28 19:25:01,280  INFO main o.h.c.i.RegionFactoryInitiator:50 - HHH000026: Second-level cache disabled
2024-11-28 19:25:01,578  INFO main o.s.o.j.p.SpringPersistenceUnitInfo:87 - No LoadTimeWeaver setup: ignoring JPA class transformer
2024-11-28 19:25:01,606  INFO main c.z.h.HikariDataSource:109 - HikariPool-1 - Starting...
2024-11-28 19:25:01,755  INFO main c.z.h.p.HikariPool:554 - HikariPool-1 - Added connection org.postgresql.jdbc.PgConnection@4c682826
2024-11-28 19:25:01,757  INFO main c.z.h.HikariDataSource:122 - HikariPool-1 - Start completed.
2024-11-28 19:25:01,785  WARN main o.h.o.deprecation:153 - HHH90000025: PostgreSQLDialect does not need to be specified explicitly using 'hibernate.dialect' (remove the property setting and it will be selected by default)
2024-11-28 19:25:02,738  INFO main o.h.e.t.j.p.i.JtaPlatformInitiator:59 - HHH000489: No JTA platform available (set 'hibernate.transaction.jta.platform' to enable JTA platform integration)
2024-11-28 19:25:02,756  WARN main o.h.e.j.s.SqlExceptionHelper:238 - SQL Warning Code: 0, SQLState: 00000
2024-11-28 19:25:02,756  WARN main o.h.e.j.s.SqlExceptionHelper:239 - relation "parada" does not exist, skipping
2024-11-28 19:25:02,757  WARN main o.h.e.j.s.SqlExceptionHelper:238 - SQL Warning Code: 0, SQLState: 00000
2024-11-28 19:25:02,758  WARN main o.h.e.j.s.SqlExceptionHelper:239 - relation "rastreamento" does not exist, skipping
2024-11-28 19:25:02,759  WARN main o.h.e.j.s.SqlExceptionHelper:238 - SQL Warning Code: 0, SQLState: 00000
2024-11-28 19:25:02,759  WARN main o.h.e.j.s.SqlExceptionHelper:239 - relation "rota" does not exist, skipping
2024-11-28 19:25:02,760  WARN main o.h.e.j.s.SqlExceptionHelper:238 - SQL Warning Code: 0, SQLState: 00000
2024-11-28 19:25:02,760  WARN main o.h.e.j.s.SqlExceptionHelper:239 - relation "rota" does not exist, skipping
2024-11-28 19:25:02,761  WARN main o.h.e.j.s.SqlExceptionHelper:238 - SQL Warning Code: 0, SQLState: 00000
2024-11-28 19:25:02,761  WARN main o.h.e.j.s.SqlExceptionHelper:239 - table "entregador" does not exist, skipping
2024-11-28 19:25:02,762  WARN main o.h.e.j.s.SqlExceptionHelper:238 - SQL Warning Code: 0, SQLState: 00000
2024-11-28 19:25:02,762  WARN main o.h.e.j.s.SqlExceptionHelper:239 - table "origem" does not exist, skipping
2024-11-28 19:25:02,764  WARN main o.h.e.j.s.SqlExceptionHelper:238 - SQL Warning Code: 0, SQLState: 00000
2024-11-28 19:25:02,764  WARN main o.h.e.j.s.SqlExceptionHelper:239 - table "parada" does not exist, skipping
2024-11-28 19:25:02,765  WARN main o.h.e.j.s.SqlExceptionHelper:238 - SQL Warning Code: 0, SQLState: 00000
2024-11-28 19:25:02,765  WARN main o.h.e.j.s.SqlExceptionHelper:239 - table "rastreamento" does not exist, skipping
2024-11-28 19:25:02,766  WARN main o.h.e.j.s.SqlExceptionHelper:238 - SQL Warning Code: 0, SQLState: 00000
2024-11-28 19:25:02,767  WARN main o.h.e.j.s.SqlExceptionHelper:239 - table "rota" does not exist, skipping
2024-11-28 19:25:02,802  INFO main o.s.o.j.LocalContainerEntityManagerFactoryBean:437 - Initialized JPA EntityManagerFactory for persistence unit 'default'
2024-11-28 19:25:03,582  WARN main o.s.b.a.o.j.JpaBaseConfiguration$JpaWebConfiguration:236 - spring.jpa.open-in-view is enabled by default. Therefore, database queries may be performed during view rendering. Explicitly configure spring.jpa.open-in-view to disable this warning
2024-11-28 19:25:04,326  INFO main o.s.d.j.r.q.QueryEnhancerFactory:49 - Hibernate is in classpath; If applicable, HQL parser will be used.
2024-11-28 19:25:06,863  INFO main o.s.b.a.e.w.EndpointLinksResolver:60 - Exposing 1 endpoint beneath base path '/actuator'
2024-11-28 19:25:07,055  INFO main o.s.i.e.EventDrivenConsumer:174 - Adding {logging-channel-adapter:_org.springframework.integration.errorLogger} as a subscriber to the 'errorChannel' channel
2024-11-28 19:25:07,056  INFO main o.s.i.c.PublishSubscribeChannel:174 - Channel 'ms-logistica.errorChannel' has 1 subscriber(s).
2024-11-28 19:25:07,057  INFO main o.s.i.e.EventDrivenConsumer:292 - started bean '_org.springframework.integration.errorLogger'
2024-11-28 19:25:07,077  INFO main c.t.m.i.a.v.EntregadorControllerIT:56 - Started EntregadorControllerIT in 9.101 seconds (process running for 14.301)
]]></system-out>
    <system-err><![CDATA[WARNING: A Java agent has been loaded dynamically (C:\Users\henri\.m2\repository\net\bytebuddy\byte-buddy-agent\1.14.19\byte-buddy-agent-1.14.19.jar)
WARNING: If a serviceability tool is in use, please run with -XX:+EnableDynamicAgentLoading to hide this warning
WARNING: If a serviceability tool is not in use, please run with -Djdk.instrument.traceUsage for more information
WARNING: Dynamic loading of agents will be disallowed by default in a future release
]]></system-err>
  </testcase>
</testsuite>